c:\users\uidw5190\documents\visual studio 2015\projects\graphicsystem\graphicsystem\release\graphicsystem.pch
c:\users\uidw5190\documents\visual studio 2015\projects\graphicsystem\graphicsystem\release\vc140.pdb
c:\users\uidw5190\documents\visual studio 2015\projects\graphicsystem\graphicsystem\release\stdafx.obj
c:\users\uidw5190\documents\visual studio 2015\projects\graphicsystem\graphicsystem\release\vector.obj
c:\users\uidw5190\documents\visual studio 2015\projects\graphicsystem\graphicsystem\release\triangle.obj
c:\users\uidw5190\documents\visual studio 2015\projects\graphicsystem\graphicsystem\release\surface.obj
c:\users\uidw5190\documents\visual studio 2015\projects\graphicsystem\graphicsystem\release\sphere.obj
c:\users\uidw5190\documents\visual studio 2015\projects\graphicsystem\graphicsystem\release\light.obj
c:\users\uidw5190\documents\visual studio 2015\projects\graphicsystem\graphicsystem\release\hitrecord.obj
c:\users\uidw5190\documents\visual studio 2015\projects\graphicsystem\graphicsystem\release\graphicsystem.obj
c:\users\uidw5190\documents\visual studio 2015\projects\graphicsystem\graphicsystem\release\camera.obj
c:\users\uidw5190\documents\visual studio 2015\projects\graphicsystem\graphicsystem\release\commonwindows.obj
c:\users\uidw5190\documents\visual studio 2015\projects\graphicsystem\release\graphicsystem.exe
c:\users\uidw5190\documents\visual studio 2015\projects\graphicsystem\release\graphicsystem.ipdb
c:\users\uidw5190\documents\visual studio 2015\projects\graphicsystem\release\graphicsystem.iobj
c:\users\uidw5190\documents\visual studio 2015\projects\graphicsystem\release\graphicsystem.pdb
c:\users\uidw5190\documents\visual studio 2015\projects\graphicsystem\graphicsystem\release\graphicsystem.tlog\cl.command.1.tlog
c:\users\uidw5190\documents\visual studio 2015\projects\graphicsystem\graphicsystem\release\graphicsystem.tlog\cl.read.1.tlog
c:\users\uidw5190\documents\visual studio 2015\projects\graphicsystem\graphicsystem\release\graphicsystem.tlog\cl.write.1.tlog
c:\users\uidw5190\documents\visual studio 2015\projects\graphicsystem\graphicsystem\release\graphicsystem.tlog\link.command.1.tlog
c:\users\uidw5190\documents\visual studio 2015\projects\graphicsystem\graphicsystem\release\graphicsystem.tlog\link.read.1.tlog
c:\users\uidw5190\documents\visual studio 2015\projects\graphicsystem\graphicsystem\release\graphicsystem.tlog\link.write.1.tlog
