  stdafx.cpp
  camera.cpp
camera.cpp(46): warning C4305: 'argument': truncation from 'double' to 'float'
camera.cpp(90): warning C4244: 'argument': conversion from 'int' to 'const float', possible loss of data
  CommonWindows.cpp
CommonWindows.cpp(189): warning C4018: '<': signed/unsigned mismatch
CommonWindows.cpp(190): warning C4018: '<': signed/unsigned mismatch
  GraphicSystem.cpp
GraphicSystem.cpp(115): warning C4305: 'argument': truncation from 'double' to 'const float'
GraphicSystem.cpp(117): warning C4305: 'argument': truncation from 'double' to 'const float'
GraphicSystem.cpp(134): warning C4244: '=': conversion from 'int' to 'float', possible loss of data
  hitrecord.cpp
  light.cpp
  sphere.cpp
  surface.cpp
  triangle.cpp
  Generating code
  All 828 functions were compiled because no usable IPDB/IOBJ from previous compilation was found.
  Finished generating code
  GraphicSystem.vcxproj -> C:\Users\uidw5190\Documents\Visual Studio 2015\Projects\GraphicSystem\Release\GraphicSystem.exe
